<?xml version="1.0" encoding="UTF-8"?>
<!-- Generated by org.testng.reporters.JUnitReportReporter -->
<testsuite hostname="WINDOWS-BVQNF6J" failures="0" tests="1" name="group1_art.tc_telephone_02" time="12.811" errors="0" timestamp="2022-04-12T13:25:14 IST" skipped="0">
  <testcase classname="group1_art.tc_telephone_02" name="exceldata" time="12.811"/>
  <system-out/>
</testsuite> <!-- group1_art.tc_telephone_02 -->
