<?xml version="1.0" encoding="UTF-8"?>
<!-- Generated by org.testng.reporters.JUnitReportReporter -->
<testsuite hostname="WINDOWS-BVQNF6J" failures="0" tests="1" name="group1_art.tc_links_03" time="5.741" errors="0" timestamp="2022-04-12T09:27:07 IST" skipped="0">
  <testcase classname="group1_art.tc_links_03" name="testcase3" time="5.741"/>
  <system-out/>
</testsuite> <!-- group1_art.tc_links_03 -->
