<?xml version="1.0" encoding="UTF-8"?>
<!-- Generated by org.testng.reporters.JUnitReportReporter -->
<testsuite hostname="WINDOWS-BVQNF6J" failures="0" tests="1" name="group1_art.Testcases_01" time="22.455" errors="0" timestamp="2022-04-11T16:54:46 IST" skipped="0">
  <testcase classname="group1_art.Testcases_01" name="exceldata" time="22.455"/>
  <system-out/>
</testsuite> <!-- group1_art.Testcases_01 -->
