<?xml version="1.0" encoding="UTF-8"?>
<!-- Generated by org.testng.reporters.JUnitReportReporter -->
<testsuite hostname="WINDOWS-BVQNF6J" failures="0" tests="1" name="group1_art.tc_links_02" time="7.233" errors="0" timestamp="2022-04-11T22:00:53 IST" skipped="0">
  <testcase classname="group1_art.tc_links_02" name="testcase1" time="7.233"/>
  <system-out/>
</testsuite> <!-- group1_art.tc_links_02 -->
