<?xml version="1.0" encoding="UTF-8"?>
<!-- Generated by org.testng.reporters.JUnitReportReporter -->
<testsuite hostname="WINDOWS-BVQNF6J" failures="0" tests="1" name="group1_art.tc_link_01" time="5.312" errors="0" timestamp="2022-04-11T19:48:39 IST" skipped="0">
  <testcase classname="group1_art.tc_link_01" name="tc_link_01" time="5.312"/>
  <system-out/>
</testsuite> <!-- group1_art.tc_link_01 -->
