<?xml version="1.0" encoding="UTF-8"?>
<!-- Generated by org.testng.reporters.JUnitReportReporter -->
<testsuite hostname="WINDOWS-BVQNF6J" failures="0" tests="1" name="group1_art.tc_telephone_06" time="11.660" errors="0" timestamp="2022-04-12T14:00:25 IST" skipped="0">
  <testcase classname="group1_art.tc_telephone_06" name="exceldata" time="11.660"/>
  <system-out/>
</testsuite> <!-- group1_art.tc_telephone_06 -->
