<?xml version="1.0" encoding="UTF-8"?>
<!-- Generated by org.testng.reporters.JUnitReportReporter -->
<testsuite hostname="WINDOWS-BVQNF6J" failures="0" tests="2" name="group1_art.Dataprovider1" time="13.903" errors="0" timestamp="2022-04-07T14:30:54 IST" skipped="0">
  <testcase classname="group1_art.Dataprovider1" name="login" time="6.329"/>
  <system-out/>
  <testcase classname="group1_art.Dataprovider1" name="login" time="7.574"/>
  <system-out/>
</testsuite> <!-- group1_art.Dataprovider1 -->
