<?xml version="1.0" encoding="UTF-8"?>
<!-- Generated by org.testng.reporters.JUnitReportReporter -->
<testsuite hostname="WINDOWS-BVQNF6J" failures="0" tests="2" name="group1_art.Dataprovider2" time="12.883" errors="0" timestamp="2022-04-08T10:34:02 IST" skipped="0">
  <testcase classname="group1_art.Dataprovider2" name="login" time="5.547"/>
  <system-out/>
  <testcase classname="group1_art.Dataprovider2" name="login" time="7.336"/>
  <system-out/>
</testsuite> <!-- group1_art.Dataprovider2 -->
