<?xml version="1.0" encoding="UTF-8"?>
<!-- Generated by org.testng.reporters.JUnitReportReporter -->
<testsuite hostname="WINDOWS-BVQNF6J" failures="0" tests="1" name="group1_art.tc_telephone_05" time="11.986" errors="0" timestamp="2022-04-12T12:24:02 IST" skipped="0">
  <testcase classname="group1_art.tc_telephone_05" name="exceldata" time="11.986"/>
  <system-out/>
</testsuite> <!-- group1_art.tc_telephone_05 -->
