<?xml version="1.0" encoding="UTF-8"?>
<!-- Generated by org.testng.reporters.JUnitReportReporter -->
<testsuite hostname="WINDOWS-BVQNF6J" failures="0" tests="1" name="group1_art.tc_links_01" time="8.174" errors="0" timestamp="2022-04-12T15:44:40 IST" skipped="0">
  <testcase classname="group1_art.tc_links_01" name="testcase1" time="8.174"/>
  <system-out/>
</testsuite> <!-- group1_art.tc_links_01 -->
